10/04/2022 17:13:39:INFO:프로그램이 정상 기동했습니다
10/05/2022 15:00:34:INFO:프로그램이 정상 기동했습니다
10/05/2022 15:32:48:INFO:프로그램이 정상 기동했습니다
10/06/2022 13:50:36:INFO:프로그램이 정상 기동했습니다
10/06/2022 13:54:04:INFO:프로그램이 정상 기동했습니다
10/06/2022 14:05:08:INFO:착공지정일이 2022-09-28 로 정상적으로 지정되었습니다.
10/06/2022 14:05:11:ERROR:.\\input\\Master_File\\\\SOS2.xlsx 파일이 없습니다. 확인해주세요.
10/06/2022 14:05:11:ERROR:.\\input\\Master_File\\\\SOS2.xlsx 파일이 없습니다. 확인해주세요.
10/06/2022 14:05:11:ERROR:.\\input\\Master_File\\\\SOS2.xlsx 파일이 없습니다. 확인해주세요.
10/06/2022 14:05:11:ERROR:.\\input\\Master_File\\\\SOS2.xlsx 파일이 없습니다. 확인해주세요.
10/06/2022 14:05:11:ERROR:.\\input\\Master_File\\\\SOS2.xlsx 파일이 없습니다. 확인해주세요.
10/06/2022 14:05:11:ERROR:.\\input\\Master_File\\\\SOS2.xlsx 파일이 없습니다. 확인해주세요.
10/06/2022 14:05:11:ERROR:.\\input\\Master_File\\\\SOS2.xlsx 파일이 없습니다. 확인해주세요.
10/06/2022 14:05:11:ERROR:.\\input\\Master_File\\\\SOS2.xlsx 파일이 없습니다. 확인해주세요.
10/06/2022 14:05:11:ERROR:.\\input\\Master_File\\\\SOS2.xlsx 파일이 없습니다. 확인해주세요.
10/06/2022 14:08:38:ERROR:.\\input\\Master_File\\\\SOS2.xlsx 파일이 없습니다. 확인해주세요.
10/06/2022 14:08:38:ERROR:.\\input\\Master_File\\\\SOS2.xlsx 파일이 없습니다. 확인해주세요.
10/06/2022 14:08:38:ERROR:.\\input\\Master_File\\\\SOS2.xlsx 파일이 없습니다. 확인해주세요.
10/06/2022 14:08:38:ERROR:.\\input\\Master_File\\\\SOS2.xlsx 파일이 없습니다. 확인해주세요.
10/06/2022 14:08:38:ERROR:.\\input\\Master_File\\\\SOS2.xlsx 파일이 없습니다. 확인해주세요.
10/06/2022 14:08:38:ERROR:.\\input\\Master_File\\\\SOS2.xlsx 파일이 없습니다. 확인해주세요.
10/06/2022 14:08:38:ERROR:.\\input\\Master_File\\\\SOS2.xlsx 파일이 없습니다. 확인해주세요.
10/06/2022 14:08:38:ERROR:.\\input\\Master_File\\\\SOS2.xlsx 파일이 없습니다. 확인해주세요.
10/06/2022 14:08:38:ERROR:.\\input\\Master_File\\\\SOS2.xlsx 파일이 없습니다. 확인해주세요.
10/06/2022 14:08:40:ERROR:.\\input\\Master_File\\\\SOS2.xlsx 파일이 없습니다. 확인해주세요.
10/06/2022 14:08:40:ERROR:.\\input\\Master_File\\\\SOS2.xlsx 파일이 없습니다. 확인해주세요.
10/06/2022 14:08:40:ERROR:.\\input\\Master_File\\\\SOS2.xlsx 파일이 없습니다. 확인해주세요.
10/06/2022 14:08:40:ERROR:.\\input\\Master_File\\\\SOS2.xlsx 파일이 없습니다. 확인해주세요.
10/06/2022 14:08:40:ERROR:.\\input\\Master_File\\\\SOS2.xlsx 파일이 없습니다. 확인해주세요.
10/06/2022 14:08:40:ERROR:.\\input\\Master_File\\\\SOS2.xlsx 파일이 없습니다. 확인해주세요.
10/06/2022 14:08:40:ERROR:.\\input\\Master_File\\\\SOS2.xlsx 파일이 없습니다. 확인해주세요.
10/06/2022 14:08:40:ERROR:.\\input\\Master_File\\\\SOS2.xlsx 파일이 없습니다. 확인해주세요.
10/06/2022 14:08:40:ERROR:.\\input\\Master_File\\\\SOS2.xlsx 파일이 없습니다. 확인해주세요.
10/06/2022 14:08:40:ERROR:.\\input\\Master_File\\\\SOS2.xlsx 파일이 없습니다. 확인해주세요.
10/06/2022 14:08:40:ERROR:.\\input\\Master_File\\\\SOS2.xlsx 파일이 없습니다. 확인해주세요.
10/06/2022 14:08:40:ERROR:.\\input\\Master_File\\\\SOS2.xlsx 파일이 없습니다. 확인해주세요.
10/06/2022 14:08:40:ERROR:.\\input\\Master_File\\\\SOS2.xlsx 파일이 없습니다. 확인해주세요.
10/06/2022 14:08:40:ERROR:.\\input\\Master_File\\\\SOS2.xlsx 파일이 없습니다. 확인해주세요.
10/06/2022 14:08:40:ERROR:.\\input\\Master_File\\\\SOS2.xlsx 파일이 없습니다. 확인해주세요.
10/06/2022 14:08:40:ERROR:.\\input\\Master_File\\\\SOS2.xlsx 파일이 없습니다. 확인해주세요.
10/06/2022 14:08:40:ERROR:.\\input\\Master_File\\\\SOS2.xlsx 파일이 없습니다. 확인해주세요.
10/06/2022 14:08:40:ERROR:.\\input\\Master_File\\\\SOS2.xlsx 파일이 없습니다. 확인해주세요.
10/06/2022 14:08:41:ERROR:.\\input\\Master_File\\\\SOS2.xlsx 파일이 없습니다. 확인해주세요.
10/06/2022 14:08:41:ERROR:.\\input\\Master_File\\\\SOS2.xlsx 파일이 없습니다. 확인해주세요.
10/06/2022 14:08:41:ERROR:.\\input\\Master_File\\\\SOS2.xlsx 파일이 없습니다. 확인해주세요.
10/06/2022 14:08:41:ERROR:.\\input\\Master_File\\\\SOS2.xlsx 파일이 없습니다. 확인해주세요.
10/06/2022 14:08:41:ERROR:.\\input\\Master_File\\\\SOS2.xlsx 파일이 없습니다. 확인해주세요.
10/06/2022 14:08:41:ERROR:.\\input\\Master_File\\\\SOS2.xlsx 파일이 없습니다. 확인해주세요.
10/06/2022 14:08:41:ERROR:.\\input\\Master_File\\\\SOS2.xlsx 파일이 없습니다. 확인해주세요.
10/06/2022 14:08:41:ERROR:.\\input\\Master_File\\\\SOS2.xlsx 파일이 없습니다. 확인해주세요.
10/06/2022 14:08:41:ERROR:.\\input\\Master_File\\\\SOS2.xlsx 파일이 없습니다. 확인해주세요.
10/06/2022 14:08:42:ERROR:.\\input\\Master_File\\\\SOS2.xlsx 파일이 없습니다. 확인해주세요.
10/06/2022 14:08:42:ERROR:.\\input\\Master_File\\\\SOS2.xlsx 파일이 없습니다. 확인해주세요.
10/06/2022 14:08:42:ERROR:.\\input\\Master_File\\\\SOS2.xlsx 파일이 없습니다. 확인해주세요.
10/06/2022 14:08:42:ERROR:.\\input\\Master_File\\\\SOS2.xlsx 파일이 없습니다. 확인해주세요.
10/06/2022 14:08:42:ERROR:.\\input\\Master_File\\\\SOS2.xlsx 파일이 없습니다. 확인해주세요.
10/06/2022 14:08:42:ERROR:.\\input\\Master_File\\\\SOS2.xlsx 파일이 없습니다. 확인해주세요.
10/06/2022 14:08:42:ERROR:.\\input\\Master_File\\\\SOS2.xlsx 파일이 없습니다. 확인해주세요.
10/06/2022 14:08:42:ERROR:.\\input\\Master_File\\\\SOS2.xlsx 파일이 없습니다. 확인해주세요.
10/06/2022 14:08:42:ERROR:.\\input\\Master_File\\\\SOS2.xlsx 파일이 없습니다. 확인해주세요.
10/06/2022 14:09:30:ERROR:.\\input\\Master_File\\\\SOS2.xlsx 파일이 없습니다. 확인해주세요.
10/06/2022 14:09:30:ERROR:.\\input\\Master_File\\\\SOS2.xlsx 파일이 없습니다. 확인해주세요.
10/06/2022 14:09:30:ERROR:.\\input\\Master_File\\\\SOS2.xlsx 파일이 없습니다. 확인해주세요.
10/06/2022 14:09:30:ERROR:.\\input\\Master_File\\\\SOS2.xlsx 파일이 없습니다. 확인해주세요.
10/06/2022 14:09:30:ERROR:.\\input\\Master_File\\\\SOS2.xlsx 파일이 없습니다. 확인해주세요.
10/06/2022 14:09:30:ERROR:.\\input\\Master_File\\\\SOS2.xlsx 파일이 없습니다. 확인해주세요.
10/06/2022 14:09:30:ERROR:.\\input\\Master_File\\\\SOS2.xlsx 파일이 없습니다. 확인해주세요.
10/06/2022 14:09:30:ERROR:.\\input\\Master_File\\\\SOS2.xlsx 파일이 없습니다. 확인해주세요.
10/06/2022 14:09:30:ERROR:.\\input\\Master_File\\\\SOS2.xlsx 파일이 없습니다. 확인해주세요.
10/06/2022 14:09:31:ERROR:.\\input\\Master_File\\\\SOS2.xlsx 파일이 없습니다. 확인해주세요.
10/06/2022 14:09:31:ERROR:.\\input\\Master_File\\\\SOS2.xlsx 파일이 없습니다. 확인해주세요.
10/06/2022 14:09:31:ERROR:.\\input\\Master_File\\\\SOS2.xlsx 파일이 없습니다. 확인해주세요.
10/06/2022 14:09:31:ERROR:.\\input\\Master_File\\\\SOS2.xlsx 파일이 없습니다. 확인해주세요.
10/06/2022 14:09:31:ERROR:.\\input\\Master_File\\\\SOS2.xlsx 파일이 없습니다. 확인해주세요.
10/06/2022 14:09:31:ERROR:.\\input\\Master_File\\\\SOS2.xlsx 파일이 없습니다. 확인해주세요.
10/06/2022 14:09:31:ERROR:.\\input\\Master_File\\\\SOS2.xlsx 파일이 없습니다. 확인해주세요.
10/06/2022 14:09:31:ERROR:.\\input\\Master_File\\\\SOS2.xlsx 파일이 없습니다. 확인해주세요.
10/06/2022 14:09:31:ERROR:.\\input\\Master_File\\\\SOS2.xlsx 파일이 없습니다. 확인해주세요.
10/06/2022 14:09:32:ERROR:.\\input\\Master_File\\\\SOS2.xlsx 파일이 없습니다. 확인해주세요.
10/06/2022 14:09:32:ERROR:.\\input\\Master_File\\\\SOS2.xlsx 파일이 없습니다. 확인해주세요.
10/06/2022 14:09:32:ERROR:.\\input\\Master_File\\\\SOS2.xlsx 파일이 없습니다. 확인해주세요.
10/06/2022 14:09:32:ERROR:.\\input\\Master_File\\\\SOS2.xlsx 파일이 없습니다. 확인해주세요.
10/06/2022 14:09:32:ERROR:.\\input\\Master_File\\\\SOS2.xlsx 파일이 없습니다. 확인해주세요.
10/06/2022 14:09:32:ERROR:.\\input\\Master_File\\\\SOS2.xlsx 파일이 없습니다. 확인해주세요.
10/06/2022 14:09:32:ERROR:.\\input\\Master_File\\\\SOS2.xlsx 파일이 없습니다. 확인해주세요.
10/06/2022 14:09:32:ERROR:.\\input\\Master_File\\\\SOS2.xlsx 파일이 없습니다. 확인해주세요.
10/06/2022 14:09:32:ERROR:.\\input\\Master_File\\\\SOS2.xlsx 파일이 없습니다. 확인해주세요.
10/06/2022 14:09:32:ERROR:.\\input\\Master_File\\\\SOS2.xlsx 파일이 없습니다. 확인해주세요.
10/06/2022 14:09:32:ERROR:.\\input\\Master_File\\\\SOS2.xlsx 파일이 없습니다. 확인해주세요.
10/06/2022 14:09:32:ERROR:.\\input\\Master_File\\\\SOS2.xlsx 파일이 없습니다. 확인해주세요.
10/06/2022 14:09:32:ERROR:.\\input\\Master_File\\\\SOS2.xlsx 파일이 없습니다. 확인해주세요.
10/06/2022 14:09:32:ERROR:.\\input\\Master_File\\\\SOS2.xlsx 파일이 없습니다. 확인해주세요.
10/06/2022 14:09:32:ERROR:.\\input\\Master_File\\\\SOS2.xlsx 파일이 없습니다. 확인해주세요.
10/06/2022 14:09:32:ERROR:.\\input\\Master_File\\\\SOS2.xlsx 파일이 없습니다. 확인해주세요.
10/06/2022 14:09:32:ERROR:.\\input\\Master_File\\\\SOS2.xlsx 파일이 없습니다. 확인해주세요.
10/06/2022 14:09:32:ERROR:.\\input\\Master_File\\\\SOS2.xlsx 파일이 없습니다. 확인해주세요.
10/06/2022 14:09:33:ERROR:.\\input\\Master_File\\\\SOS2.xlsx 파일이 없습니다. 확인해주세요.
10/06/2022 14:09:33:ERROR:.\\input\\Master_File\\\\SOS2.xlsx 파일이 없습니다. 확인해주세요.
10/06/2022 14:09:33:ERROR:.\\input\\Master_File\\\\SOS2.xlsx 파일이 없습니다. 확인해주세요.
10/06/2022 14:09:33:ERROR:.\\input\\Master_File\\\\SOS2.xlsx 파일이 없습니다. 확인해주세요.
10/06/2022 14:09:33:ERROR:.\\input\\Master_File\\\\SOS2.xlsx 파일이 없습니다. 확인해주세요.
10/06/2022 14:09:33:ERROR:.\\input\\Master_File\\\\SOS2.xlsx 파일이 없습니다. 확인해주세요.
10/06/2022 14:09:33:ERROR:.\\input\\Master_File\\\\SOS2.xlsx 파일이 없습니다. 확인해주세요.
10/06/2022 14:09:33:ERROR:.\\input\\Master_File\\\\SOS2.xlsx 파일이 없습니다. 확인해주세요.
10/06/2022 14:09:33:ERROR:.\\input\\Master_File\\\\SOS2.xlsx 파일이 없습니다. 확인해주세요.
10/06/2022 14:09:33:ERROR:.\\input\\Master_File\\\\SOS2.xlsx 파일이 없습니다. 확인해주세요.
10/06/2022 14:09:33:ERROR:.\\input\\Master_File\\\\SOS2.xlsx 파일이 없습니다. 확인해주세요.
10/06/2022 14:09:33:ERROR:.\\input\\Master_File\\\\SOS2.xlsx 파일이 없습니다. 확인해주세요.
10/06/2022 14:09:33:ERROR:.\\input\\Master_File\\\\SOS2.xlsx 파일이 없습니다. 확인해주세요.
10/06/2022 14:09:33:ERROR:.\\input\\Master_File\\\\SOS2.xlsx 파일이 없습니다. 확인해주세요.
10/06/2022 14:09:33:ERROR:.\\input\\Master_File\\\\SOS2.xlsx 파일이 없습니다. 확인해주세요.
10/06/2022 14:09:33:ERROR:.\\input\\Master_File\\\\SOS2.xlsx 파일이 없습니다. 확인해주세요.
10/06/2022 14:09:33:ERROR:.\\input\\Master_File\\\\SOS2.xlsx 파일이 없습니다. 확인해주세요.
10/06/2022 14:09:33:ERROR:.\\input\\Master_File\\\\SOS2.xlsx 파일이 없습니다. 확인해주세요.
10/06/2022 14:09:34:ERROR:.\\input\\Master_File\\\\SOS2.xlsx 파일이 없습니다. 확인해주세요.
10/06/2022 14:09:34:ERROR:.\\input\\Master_File\\\\SOS2.xlsx 파일이 없습니다. 확인해주세요.
10/06/2022 14:09:34:ERROR:.\\input\\Master_File\\\\SOS2.xlsx 파일이 없습니다. 확인해주세요.
10/06/2022 14:09:34:ERROR:.\\input\\Master_File\\\\SOS2.xlsx 파일이 없습니다. 확인해주세요.
10/06/2022 14:09:34:ERROR:.\\input\\Master_File\\\\SOS2.xlsx 파일이 없습니다. 확인해주세요.
10/06/2022 14:09:34:ERROR:.\\input\\Master_File\\\\SOS2.xlsx 파일이 없습니다. 확인해주세요.
10/06/2022 14:09:34:ERROR:.\\input\\Master_File\\\\SOS2.xlsx 파일이 없습니다. 확인해주세요.
10/06/2022 14:09:34:ERROR:.\\input\\Master_File\\\\SOS2.xlsx 파일이 없습니다. 확인해주세요.
10/06/2022 14:09:34:ERROR:.\\input\\Master_File\\\\SOS2.xlsx 파일이 없습니다. 확인해주세요.
10/06/2022 14:09:35:ERROR:.\\input\\Master_File\\\\SOS2.xlsx 파일이 없습니다. 확인해주세요.
10/06/2022 14:09:35:ERROR:.\\input\\Master_File\\\\SOS2.xlsx 파일이 없습니다. 확인해주세요.
10/06/2022 14:09:35:ERROR:.\\input\\Master_File\\\\SOS2.xlsx 파일이 없습니다. 확인해주세요.
10/06/2022 14:09:35:ERROR:.\\input\\Master_File\\\\SOS2.xlsx 파일이 없습니다. 확인해주세요.
10/06/2022 14:09:35:ERROR:.\\input\\Master_File\\\\SOS2.xlsx 파일이 없습니다. 확인해주세요.
10/06/2022 14:09:35:ERROR:.\\input\\Master_File\\\\SOS2.xlsx 파일이 없습니다. 확인해주세요.
10/06/2022 14:09:35:ERROR:.\\input\\Master_File\\\\SOS2.xlsx 파일이 없습니다. 확인해주세요.
10/06/2022 14:09:35:ERROR:.\\input\\Master_File\\\\SOS2.xlsx 파일이 없습니다. 확인해주세요.
10/06/2022 14:09:35:ERROR:.\\input\\Master_File\\\\SOS2.xlsx 파일이 없습니다. 확인해주세요.
10/06/2022 14:09:35:ERROR:.\\input\\Master_File\\\\SOS2.xlsx 파일이 없습니다. 확인해주세요.
10/06/2022 14:09:35:ERROR:.\\input\\Master_File\\\\SOS2.xlsx 파일이 없습니다. 확인해주세요.
10/06/2022 14:09:35:ERROR:.\\input\\Master_File\\\\SOS2.xlsx 파일이 없습니다. 확인해주세요.
10/06/2022 14:09:35:ERROR:.\\input\\Master_File\\\\SOS2.xlsx 파일이 없습니다. 확인해주세요.
10/06/2022 14:09:35:ERROR:.\\input\\Master_File\\\\SOS2.xlsx 파일이 없습니다. 확인해주세요.
10/06/2022 14:09:35:ERROR:.\\input\\Master_File\\\\SOS2.xlsx 파일이 없습니다. 확인해주세요.
10/06/2022 14:09:35:ERROR:.\\input\\Master_File\\\\SOS2.xlsx 파일이 없습니다. 확인해주세요.
10/06/2022 14:09:35:ERROR:.\\input\\Master_File\\\\SOS2.xlsx 파일이 없습니다. 확인해주세요.
10/06/2022 14:09:35:ERROR:.\\input\\Master_File\\\\SOS2.xlsx 파일이 없습니다. 확인해주세요.
10/06/2022 14:11:14:INFO:프로그램이 정상 기동했습니다
10/06/2022 14:11:30:INFO:착공지정일이 2022-09-08 로 정상적으로 지정되었습니다.
10/06/2022 14:11:33:ERROR:.\\input\\Master_File\\\\SOS2.xlsx 파일이 없습니다. 확인해주세요.
10/06/2022 14:11:33:ERROR:.\\input\\Master_File\\\\SOS2.xlsx 파일이 없습니다. 확인해주세요.
10/06/2022 14:11:33:ERROR:.\\input\\Master_File\\\\SOS2.xlsx 파일이 없습니다. 확인해주세요.
10/06/2022 14:11:33:ERROR:.\\input\\Master_File\\\\SOS2.xlsx 파일이 없습니다. 확인해주세요.
10/06/2022 14:11:33:ERROR:.\\input\\Master_File\\\\SOS2.xlsx 파일이 없습니다. 확인해주세요.
10/06/2022 14:11:33:ERROR:.\\input\\Master_File\\\\SOS2.xlsx 파일이 없습니다. 확인해주세요.
10/06/2022 14:11:33:ERROR:.\\input\\Master_File\\\\SOS2.xlsx 파일이 없습니다. 확인해주세요.
10/06/2022 14:11:33:ERROR:.\\input\\Master_File\\\\SOS2.xlsx 파일이 없습니다. 확인해주세요.
10/06/2022 14:11:33:ERROR:.\\input\\Master_File\\\\SOS2.xlsx 파일이 없습니다. 확인해주세요.
10/06/2022 14:12:55:ERROR:.\\input\\Master_File\\20221006\\SOS2.xlsx 파일이 없습니다. 확인해주세요.
10/06/2022 14:12:55:ERROR:.\\input\\Master_File\\20221006\\SOS2.xlsx 파일이 없습니다. 확인해주세요.
10/06/2022 14:12:55:ERROR:.\\input\\Master_File\\20221006\\SOS2.xlsx 파일이 없습니다. 확인해주세요.
10/06/2022 14:12:55:ERROR:.\\input\\Master_File\\20221006\\SOS2.xlsx 파일이 없습니다. 확인해주세요.
10/06/2022 14:12:55:ERROR:.\\input\\Master_File\\20221006\\SOS2.xlsx 파일이 없습니다. 확인해주세요.
10/06/2022 14:12:55:ERROR:.\\input\\Master_File\\20221006\\SOS2.xlsx 파일이 없습니다. 확인해주세요.
10/06/2022 14:12:55:ERROR:.\\input\\Master_File\\20221006\\SOS2.xlsx 파일이 없습니다. 확인해주세요.
10/06/2022 14:12:55:ERROR:.\\input\\Master_File\\20221006\\SOS2.xlsx 파일이 없습니다. 확인해주세요.
10/06/2022 14:12:55:ERROR:.\\input\\Master_File\\20221006\\SOS2.xlsx 파일이 없습니다. 확인해주세요.
10/06/2022 14:12:56:ERROR:.\\input\\Master_File\\20221006\\SOS2.xlsx 파일이 없습니다. 확인해주세요.
10/06/2022 14:12:56:ERROR:.\\input\\Master_File\\20221006\\SOS2.xlsx 파일이 없습니다. 확인해주세요.
10/06/2022 14:12:56:ERROR:.\\input\\Master_File\\20221006\\SOS2.xlsx 파일이 없습니다. 확인해주세요.
10/06/2022 14:12:56:ERROR:.\\input\\Master_File\\20221006\\SOS2.xlsx 파일이 없습니다. 확인해주세요.
10/06/2022 14:12:56:ERROR:.\\input\\Master_File\\20221006\\SOS2.xlsx 파일이 없습니다. 확인해주세요.
10/06/2022 14:12:56:ERROR:.\\input\\Master_File\\20221006\\SOS2.xlsx 파일이 없습니다. 확인해주세요.
10/06/2022 14:12:56:ERROR:.\\input\\Master_File\\20221006\\SOS2.xlsx 파일이 없습니다. 확인해주세요.
10/06/2022 14:12:56:ERROR:.\\input\\Master_File\\20221006\\SOS2.xlsx 파일이 없습니다. 확인해주세요.
10/06/2022 14:12:56:ERROR:.\\input\\Master_File\\20221006\\SOS2.xlsx 파일이 없습니다. 확인해주세요.
10/06/2022 14:12:59:ERROR:.\\input\\Master_File\\20221006\\SOS2.xlsx 파일이 없습니다. 확인해주세요.
10/06/2022 14:12:59:ERROR:.\\input\\Master_File\\20221006\\SOS2.xlsx 파일이 없습니다. 확인해주세요.
10/06/2022 14:12:59:ERROR:.\\input\\Master_File\\20221006\\SOS2.xlsx 파일이 없습니다. 확인해주세요.
10/06/2022 14:12:59:ERROR:.\\input\\Master_File\\20221006\\SOS2.xlsx 파일이 없습니다. 확인해주세요.
10/06/2022 14:12:59:ERROR:.\\input\\Master_File\\20221006\\SOS2.xlsx 파일이 없습니다. 확인해주세요.
10/06/2022 14:12:59:ERROR:.\\input\\Master_File\\20221006\\SOS2.xlsx 파일이 없습니다. 확인해주세요.
10/06/2022 14:12:59:ERROR:.\\input\\Master_File\\20221006\\SOS2.xlsx 파일이 없습니다. 확인해주세요.
10/06/2022 14:12:59:ERROR:.\\input\\Master_File\\20221006\\SOS2.xlsx 파일이 없습니다. 확인해주세요.
10/06/2022 14:12:59:ERROR:.\\input\\Master_File\\20221006\\SOS2.xlsx 파일이 없습니다. 확인해주세요.
10/06/2022 14:13:26:ERROR:.\\input\\Master_File\\20221006\\SOS2.xlsx 파일이 없습니다. 확인해주세요.
10/06/2022 14:13:26:ERROR:.\\input\\Master_File\\20221006\\SOS2.xlsx 파일이 없습니다. 확인해주세요.
10/06/2022 14:13:26:ERROR:.\\input\\Master_File\\20221006\\SOS2.xlsx 파일이 없습니다. 확인해주세요.
10/06/2022 14:13:26:ERROR:.\\input\\Master_File\\20221006\\SOS2.xlsx 파일이 없습니다. 확인해주세요.
10/06/2022 14:13:26:ERROR:.\\input\\Master_File\\20221006\\SOS2.xlsx 파일이 없습니다. 확인해주세요.
10/06/2022 14:13:26:ERROR:.\\input\\Master_File\\20221006\\SOS2.xlsx 파일이 없습니다. 확인해주세요.
10/06/2022 14:13:26:ERROR:.\\input\\Master_File\\20221006\\SOS2.xlsx 파일이 없습니다. 확인해주세요.
10/06/2022 14:13:26:ERROR:.\\input\\Master_File\\20221006\\SOS2.xlsx 파일이 없습니다. 확인해주세요.
10/06/2022 14:13:26:ERROR:.\\input\\Master_File\\20221006\\SOS2.xlsx 파일이 없습니다. 확인해주세요.
10/06/2022 14:13:27:ERROR:.\\input\\Master_File\\20221006\\SOS2.xlsx 파일이 없습니다. 확인해주세요.
10/06/2022 14:13:27:ERROR:.\\input\\Master_File\\20221006\\SOS2.xlsx 파일이 없습니다. 확인해주세요.
10/06/2022 14:13:27:ERROR:.\\input\\Master_File\\20221006\\SOS2.xlsx 파일이 없습니다. 확인해주세요.
10/06/2022 14:13:27:ERROR:.\\input\\Master_File\\20221006\\SOS2.xlsx 파일이 없습니다. 확인해주세요.
10/06/2022 14:13:27:ERROR:.\\input\\Master_File\\20221006\\SOS2.xlsx 파일이 없습니다. 확인해주세요.
10/06/2022 14:13:27:ERROR:.\\input\\Master_File\\20221006\\SOS2.xlsx 파일이 없습니다. 확인해주세요.
10/06/2022 14:13:27:ERROR:.\\input\\Master_File\\20221006\\SOS2.xlsx 파일이 없습니다. 확인해주세요.
10/06/2022 14:13:27:ERROR:.\\input\\Master_File\\20221006\\SOS2.xlsx 파일이 없습니다. 확인해주세요.
10/06/2022 14:13:27:ERROR:.\\input\\Master_File\\20221006\\SOS2.xlsx 파일이 없습니다. 확인해주세요.
10/06/2022 14:13:40:ERROR:.\\input\\Master_File\\20221006\\SOS2.xlsx 파일이 없습니다. 확인해주세요.
10/06/2022 14:13:40:ERROR:.\\input\\Master_File\\20221006\\SOS2.xlsx 파일이 없습니다. 확인해주세요.
10/06/2022 14:13:40:ERROR:.\\input\\Master_File\\20221006\\SOS2.xlsx 파일이 없습니다. 확인해주세요.
10/06/2022 14:13:40:ERROR:.\\input\\Master_File\\20221006\\SOS2.xlsx 파일이 없습니다. 확인해주세요.
10/06/2022 14:13:40:ERROR:.\\input\\Master_File\\20221006\\SOS2.xlsx 파일이 없습니다. 확인해주세요.
10/06/2022 14:13:40:ERROR:.\\input\\Master_File\\20221006\\SOS2.xlsx 파일이 없습니다. 확인해주세요.
10/06/2022 14:13:40:ERROR:.\\input\\Master_File\\20221006\\SOS2.xlsx 파일이 없습니다. 확인해주세요.
10/06/2022 14:13:40:ERROR:.\\input\\Master_File\\20221006\\SOS2.xlsx 파일이 없습니다. 확인해주세요.
10/06/2022 14:13:40:ERROR:.\\input\\Master_File\\20221006\\SOS2.xlsx 파일이 없습니다. 확인해주세요.
10/06/2022 14:13:48:INFO:착공지정일이 2022-10-06 로 정상적으로 지정되었습니다.
10/06/2022 14:13:53:ERROR:.\\input\\Master_File\\20221006\\SOS2.xlsx 파일이 없습니다. 확인해주세요.
10/06/2022 14:13:53:ERROR:.\\input\\Master_File\\20221006\\SOS2.xlsx 파일이 없습니다. 확인해주세요.
10/06/2022 14:13:53:ERROR:.\\input\\Master_File\\20221006\\SOS2.xlsx 파일이 없습니다. 확인해주세요.
10/06/2022 14:13:53:ERROR:.\\input\\Master_File\\20221006\\SOS2.xlsx 파일이 없습니다. 확인해주세요.
10/06/2022 14:13:53:ERROR:.\\input\\Master_File\\20221006\\SOS2.xlsx 파일이 없습니다. 확인해주세요.
10/06/2022 14:13:53:ERROR:.\\input\\Master_File\\20221006\\SOS2.xlsx 파일이 없습니다. 확인해주세요.
10/06/2022 14:13:53:ERROR:.\\input\\Master_File\\20221006\\SOS2.xlsx 파일이 없습니다. 확인해주세요.
10/06/2022 14:13:53:ERROR:.\\input\\Master_File\\20221006\\SOS2.xlsx 파일이 없습니다. 확인해주세요.
10/06/2022 14:13:53:ERROR:.\\input\\Master_File\\20221006\\SOS2.xlsx 파일이 없습니다. 확인해주세요.
10/06/2022 14:13:54:ERROR:.\\input\\Master_File\\20221006\\SOS2.xlsx 파일이 없습니다. 확인해주세요.
10/06/2022 14:13:54:ERROR:.\\input\\Master_File\\20221006\\SOS2.xlsx 파일이 없습니다. 확인해주세요.
10/06/2022 14:13:54:ERROR:.\\input\\Master_File\\20221006\\SOS2.xlsx 파일이 없습니다. 확인해주세요.
10/06/2022 14:13:54:ERROR:.\\input\\Master_File\\20221006\\SOS2.xlsx 파일이 없습니다. 확인해주세요.
10/06/2022 14:13:54:ERROR:.\\input\\Master_File\\20221006\\SOS2.xlsx 파일이 없습니다. 확인해주세요.
10/06/2022 14:13:54:ERROR:.\\input\\Master_File\\20221006\\SOS2.xlsx 파일이 없습니다. 확인해주세요.
10/06/2022 14:13:54:ERROR:.\\input\\Master_File\\20221006\\SOS2.xlsx 파일이 없습니다. 확인해주세요.
10/06/2022 14:13:54:ERROR:.\\input\\Master_File\\20221006\\SOS2.xlsx 파일이 없습니다. 확인해주세요.
10/06/2022 14:13:54:ERROR:.\\input\\Master_File\\20221006\\SOS2.xlsx 파일이 없습니다. 확인해주세요.
10/06/2022 14:14:04:INFO:프로그램이 정상 기동했습니다
10/06/2022 14:14:17:ERROR:.\\input\\Master_File\\20221006\\SOS2.xlsx 파일이 없습니다. 확인해주세요.
10/06/2022 14:14:17:ERROR:.\\input\\Master_File\\20221006\\SOS2.xlsx 파일이 없습니다. 확인해주세요.
10/06/2022 14:14:17:ERROR:.\\input\\Master_File\\20221006\\SOS2.xlsx 파일이 없습니다. 확인해주세요.
10/06/2022 14:14:17:ERROR:.\\input\\Master_File\\20221006\\SOS2.xlsx 파일이 없습니다. 확인해주세요.
10/06/2022 14:14:17:ERROR:.\\input\\Master_File\\20221006\\SOS2.xlsx 파일이 없습니다. 확인해주세요.
10/06/2022 14:14:17:ERROR:.\\input\\Master_File\\20221006\\SOS2.xlsx 파일이 없습니다. 확인해주세요.
10/06/2022 14:14:17:ERROR:.\\input\\Master_File\\20221006\\SOS2.xlsx 파일이 없습니다. 확인해주세요.
10/06/2022 14:14:17:ERROR:.\\input\\Master_File\\20221006\\SOS2.xlsx 파일이 없습니다. 확인해주세요.
10/06/2022 14:14:17:ERROR:.\\input\\Master_File\\20221006\\SOS2.xlsx 파일이 없습니다. 확인해주세요.
10/06/2022 14:15:07:INFO:프로그램이 정상 기동했습니다
10/06/2022 14:15:27:ERROR:.\\input\\Master_File\\20221006\\SOS2.xlsx 파일이 없습니다. 확인해주세요.
10/06/2022 14:15:27:ERROR:.\\input\\Master_File\\20221006\\SOS2.xlsx 파일이 없습니다. 확인해주세요.
10/06/2022 14:15:27:ERROR:.\\input\\Master_File\\20221006\\SOS2.xlsx 파일이 없습니다. 확인해주세요.
10/06/2022 14:15:27:ERROR:.\\input\\Master_File\\20221006\\SOS2.xlsx 파일이 없습니다. 확인해주세요.
10/06/2022 14:15:27:ERROR:.\\input\\Master_File\\20221006\\SOS2.xlsx 파일이 없습니다. 확인해주세요.
10/06/2022 14:15:27:ERROR:.\\input\\Master_File\\20221006\\SOS2.xlsx 파일이 없습니다. 확인해주세요.
10/06/2022 14:15:27:ERROR:.\\input\\Master_File\\20221006\\SOS2.xlsx 파일이 없습니다. 확인해주세요.
10/06/2022 14:15:27:ERROR:.\\input\\Master_File\\20221006\\SOS2.xlsx 파일이 없습니다. 확인해주세요.
10/06/2022 14:15:27:ERROR:.\\input\\Master_File\\20221006\\SOS2.xlsx 파일이 없습니다. 확인해주세요.
10/06/2022 14:18:27:ERROR:.\\input\\Master_File\\20221006\\SOS2.xlsx 파일이 없습니다. 확인해주세요.
10/06/2022 14:18:27:ERROR:.\\input\\Master_File\\20221006\\SOS2.xlsx 파일이 없습니다. 확인해주세요.
10/06/2022 14:18:27:ERROR:.\\input\\Master_File\\20221006\\SOS2.xlsx 파일이 없습니다. 확인해주세요.
10/06/2022 14:18:27:ERROR:.\\input\\Master_File\\20221006\\SOS2.xlsx 파일이 없습니다. 확인해주세요.
10/06/2022 14:18:27:ERROR:.\\input\\Master_File\\20221006\\SOS2.xlsx 파일이 없습니다. 확인해주세요.
10/06/2022 14:18:27:ERROR:.\\input\\Master_File\\20221006\\SOS2.xlsx 파일이 없습니다. 확인해주세요.
10/06/2022 14:18:27:ERROR:.\\input\\Master_File\\20221006\\SOS2.xlsx 파일이 없습니다. 확인해주세요.
10/06/2022 14:18:27:ERROR:.\\input\\Master_File\\20221006\\SOS2.xlsx 파일이 없습니다. 확인해주세요.
10/06/2022 14:18:27:ERROR:.\\input\\Master_File\\20221006\\SOS2.xlsx 파일이 없습니다. 확인해주세요.
10/06/2022 14:19:23:ERROR:.\\input\\Master_File\\20221006\\SOS2.xlsx 파일이 없습니다. 확인해주세요.
10/06/2022 14:19:23:ERROR:.\\input\\Master_File\\20221006\\SOS2.xlsx 파일이 없습니다. 확인해주세요.
10/06/2022 14:19:23:ERROR:.\\input\\Master_File\\20221006\\SOS2.xlsx 파일이 없습니다. 확인해주세요.
10/06/2022 14:19:23:ERROR:.\\input\\Master_File\\20221006\\SOS2.xlsx 파일이 없습니다. 확인해주세요.
10/06/2022 14:19:23:ERROR:.\\input\\Master_File\\20221006\\SOS2.xlsx 파일이 없습니다. 확인해주세요.
10/06/2022 14:19:23:ERROR:.\\input\\Master_File\\20221006\\SOS2.xlsx 파일이 없습니다. 확인해주세요.
10/06/2022 14:19:23:ERROR:.\\input\\Master_File\\20221006\\SOS2.xlsx 파일이 없습니다. 확인해주세요.
10/06/2022 14:19:23:ERROR:.\\input\\Master_File\\20221006\\SOS2.xlsx 파일이 없습니다. 확인해주세요.
10/06/2022 14:19:23:ERROR:.\\input\\Master_File\\20221006\\SOS2.xlsx 파일이 없습니다. 확인해주세요.
10/06/2022 14:19:27:ERROR:.\\input\\Master_File\\20221006\\SOS2.xlsx 파일이 없습니다. 확인해주세요.
10/06/2022 14:19:27:ERROR:.\\input\\Master_File\\20221006\\SOS2.xlsx 파일이 없습니다. 확인해주세요.
10/06/2022 14:19:27:ERROR:.\\input\\Master_File\\20221006\\SOS2.xlsx 파일이 없습니다. 확인해주세요.
10/06/2022 14:19:27:ERROR:.\\input\\Master_File\\20221006\\SOS2.xlsx 파일이 없습니다. 확인해주세요.
10/06/2022 14:19:27:ERROR:.\\input\\Master_File\\20221006\\SOS2.xlsx 파일이 없습니다. 확인해주세요.
10/06/2022 14:19:27:ERROR:.\\input\\Master_File\\20221006\\SOS2.xlsx 파일이 없습니다. 확인해주세요.
10/06/2022 14:19:27:ERROR:.\\input\\Master_File\\20221006\\SOS2.xlsx 파일이 없습니다. 확인해주세요.
10/06/2022 14:19:27:ERROR:.\\input\\Master_File\\20221006\\SOS2.xlsx 파일이 없습니다. 확인해주세요.
10/06/2022 14:19:27:ERROR:.\\input\\Master_File\\20221006\\SOS2.xlsx 파일이 없습니다. 확인해주세요.
10/07/2022 16:42:23:INFO:프로그램이 정상 기동했습니다
10/07/2022 16:42:56:ERROR:.\\input\\Master_File\\20220929\\SOS2.xlsx 파일이 없습니다. 확인해주세요.
10/07/2022 16:42:56:ERROR:.\\input\\Master_File\\20220929\\SOS2.xlsx 파일이 없습니다. 확인해주세요.
10/07/2022 16:42:56:ERROR:.\\input\\Master_File\\20220929\\SOS2.xlsx 파일이 없습니다. 확인해주세요.
10/07/2022 16:42:56:ERROR:.\\input\\Master_File\\20220929\\SOS2.xlsx 파일이 없습니다. 확인해주세요.
10/07/2022 16:42:56:ERROR:.\\input\\Master_File\\20220929\\SOS2.xlsx 파일이 없습니다. 확인해주세요.
10/07/2022 16:42:56:ERROR:.\\input\\Master_File\\20220929\\SOS2.xlsx 파일이 없습니다. 확인해주세요.
10/07/2022 16:42:56:ERROR:.\\input\\Master_File\\20220929\\SOS2.xlsx 파일이 없습니다. 확인해주세요.
10/07/2022 16:42:56:ERROR:.\\input\\Master_File\\20220929\\SOS2.xlsx 파일이 없습니다. 확인해주세요.
10/07/2022 16:42:56:ERROR:.\\input\\Master_File\\20220929\\SOS2.xlsx 파일이 없습니다. 확인해주세요.
10/07/2022 16:43:08:ERROR:.\\input\\Master_File\\20221007\\SOS2.xlsx 파일이 없습니다. 확인해주세요.
10/07/2022 16:43:08:ERROR:.\\input\\Master_File\\20221007\\SOS2.xlsx 파일이 없습니다. 확인해주세요.
10/07/2022 16:43:08:ERROR:.\\input\\Master_File\\20221007\\SOS2.xlsx 파일이 없습니다. 확인해주세요.
10/07/2022 16:43:08:ERROR:.\\input\\Master_File\\20221007\\SOS2.xlsx 파일이 없습니다. 확인해주세요.
10/07/2022 16:43:08:ERROR:.\\input\\Master_File\\20221007\\SOS2.xlsx 파일이 없습니다. 확인해주세요.
10/07/2022 16:43:08:ERROR:.\\input\\Master_File\\20221007\\SOS2.xlsx 파일이 없습니다. 확인해주세요.
10/07/2022 16:43:08:ERROR:.\\input\\Master_File\\20221007\\SOS2.xlsx 파일이 없습니다. 확인해주세요.
10/07/2022 16:43:08:ERROR:.\\input\\Master_File\\20221007\\SOS2.xlsx 파일이 없습니다. 확인해주세요.
10/07/2022 16:43:08:ERROR:.\\input\\Master_File\\20221007\\SOS2.xlsx 파일이 없습니다. 확인해주세요.
10/07/2022 16:43:17:INFO:착공지정일이 2022-10-07 로 정상적으로 지정되었습니다.
10/07/2022 16:43:20:ERROR:.\\input\\Master_File\\20221007\\SOS2.xlsx 파일이 없습니다. 확인해주세요.
10/07/2022 16:43:20:ERROR:.\\input\\Master_File\\20221007\\SOS2.xlsx 파일이 없습니다. 확인해주세요.
10/07/2022 16:43:20:ERROR:.\\input\\Master_File\\20221007\\SOS2.xlsx 파일이 없습니다. 확인해주세요.
10/07/2022 16:43:20:ERROR:.\\input\\Master_File\\20221007\\SOS2.xlsx 파일이 없습니다. 확인해주세요.
10/07/2022 16:43:20:ERROR:.\\input\\Master_File\\20221007\\SOS2.xlsx 파일이 없습니다. 확인해주세요.
10/07/2022 16:43:20:ERROR:.\\input\\Master_File\\20221007\\SOS2.xlsx 파일이 없습니다. 확인해주세요.
10/07/2022 16:43:20:ERROR:.\\input\\Master_File\\20221007\\SOS2.xlsx 파일이 없습니다. 확인해주세요.
10/07/2022 16:43:20:ERROR:.\\input\\Master_File\\20221007\\SOS2.xlsx 파일이 없습니다. 확인해주세요.
10/07/2022 16:43:20:ERROR:.\\input\\Master_File\\20221007\\SOS2.xlsx 파일이 없습니다. 확인해주세요.
10/07/2022 16:43:25:ERROR:.\\input\\Master_File\\20221007\\SOS2.xlsx 파일이 없습니다. 확인해주세요.
10/07/2022 16:43:25:ERROR:.\\input\\Master_File\\20221007\\SOS2.xlsx 파일이 없습니다. 확인해주세요.
10/07/2022 16:43:25:ERROR:.\\input\\Master_File\\20221007\\SOS2.xlsx 파일이 없습니다. 확인해주세요.
10/07/2022 16:43:25:ERROR:.\\input\\Master_File\\20221007\\SOS2.xlsx 파일이 없습니다. 확인해주세요.
10/07/2022 16:43:25:ERROR:.\\input\\Master_File\\20221007\\SOS2.xlsx 파일이 없습니다. 확인해주세요.
10/07/2022 16:43:25:ERROR:.\\input\\Master_File\\20221007\\SOS2.xlsx 파일이 없습니다. 확인해주세요.
10/07/2022 16:43:25:ERROR:.\\input\\Master_File\\20221007\\SOS2.xlsx 파일이 없습니다. 확인해주세요.
10/07/2022 16:43:25:ERROR:.\\input\\Master_File\\20221007\\SOS2.xlsx 파일이 없습니다. 확인해주세요.
10/07/2022 16:43:25:ERROR:.\\input\\Master_File\\20221007\\SOS2.xlsx 파일이 없습니다. 확인해주세요.
10/07/2022 16:46:53:INFO:프로그램이 정상 기동했습니다
10/07/2022 16:47:04:INFO:착공지정일이 2022-09-30 로 정상적으로 지정되었습니다.
10/07/2022 16:47:05:ERROR:.\\input\\Master_File\\20221007\\UTA 착공 1007 (착공 수주 DATA).xlsx 파일이 없습니다. 확인해주세요.
10/07/2022 16:47:10:ERROR:.\\input\\Master_File\\20221007\\UTA 착공 1007 (착공 수주 DATA).xlsx 파일이 없습니다. 확인해주세요.
